<?xml version="1.0" encoding="UTF-8"?>
<testsuite xmlns:xsi="http://www.w3.org/2001/XMLSchema-instance" xsi:noNamespaceSchemaLocation="https://maven.apache.org/surefire/maven-surefire-plugin/xsd/surefire-test-report-3.0.xsd" version="3.0" name="com.ejemplo.AppTest" time="0.182" tests="3" errors="0" skipped="0" failures="0">
  <properties>
[...]
</properties>
  <testcase name="testMain" classname="com.ejemplo.AppTest" time="0.025">
    <system-out><![CDATA[Hola 
]]></system-out>
  </testcase>
  <testcase name="testAddPositive" classname="com.ejemplo.AppTest" time="0.0"/>
  <testcase name="testAddWithZero" classname="com.ejemplo.AppTest" time="0.0"/>
</testsuite>